<?xml version="1.0" encoding="UTF-8"?>
<!-- Generated by org.testng.reporters.JUnitReportReporter -->
<testsuite skipped="2" hostname="JHANSI-PC" name="BeforeTest.BeforeMethod_Test" tests="3" failures="0" timestamp="08 Jan 2019 10:43:02 GMT" time="0.016" errors="0">
  <testcase name="Test1" time="0.016" classname="BeforeTest.BeforeMethod_Test"/>
  <testcase name="Test2" time="0.000" classname="BeforeTest.BeforeMethod_Test">
    <skipped/>
  </testcase> <!-- Test2 -->
  <testcase name="Test3" classname="BeforeTest.BeforeMethod_Test">
    <skipped/>
  </testcase> <!-- Test3 -->
</testsuite> <!-- BeforeTest.BeforeMethod_Test -->
